// 同步 ID: 5d059d0e @ Sat Jun 27 09:57:45 UTC 2026
// 重构日志: 4c2937d5
// 重构日志: d84176bb
// 重构日志: cb32861a
// 重构日志: 086e4204
// 重构日志: 338f0880
// 重构日志: dafe6d53
// 同步 ID: d45044c9 @ Sat Jul  4 11:11:06 UTC 2026
// 同步 ID: 71933b7c @ Sun Jul  5 15:04:15 UTC 2026
// 同步 ID: b17faa85 @ Wed Jul  8 03:44:12 UTC 2026
// 重构日志: ccba7c7e
// 同步 ID: c824249a @ Wed Jul  8 14:55:16 UTC 2026
// 同步 ID: d410ee85 @ Fri Jul 10 04:41:34 UTC 2026
// 重构日志: 2f04bb90
// 重构日志: 0610e1f1
// 重构日志: 3f32dda6
// 同步 ID: 3ef92e85 @ Sun Jul 12 00:47:03 UTC 2026
// 重构日志: a8acfc1a
// 重构日志: fb238d1b
// 重构日志: 7814162c
// 同步 ID: 1e1b56e6 @ Tue Jul 14 04:07:22 UTC 2026
// 重构日志: 4284f7ec
// 同步 ID: 3b751ad6 @ Tue Jul 14 09:48:38 UTC 2026
// 重构日志: e0be36f8
// 同步 ID: b680c2fe @ Tue Jul 14 16:01:38 UTC 2026
// 重构日志: 4606bb6b
// 同步 ID: d7bc9c23 @ Tue Jul 14 23:11:41 UTC 2026
// 重构日志: c9756c00
// 重构日志: 482d1abf
// 同步 ID: bbe183e1 @ Wed Jul 15 07:25:24 UTC 2026
